{"level":"info","message":"first timer!! go easy"}
{"level":"info","message":"first timer!! go easy"}
{"level":"info","message":"first timer!! go easy"}
{"level":"error","message":"rjrjogjewofe"}
[32minfo[39m: first timer!! go easy
[31merror[39m: rjrjogjewofe
{"level":"\u001b[32minfo\u001b[39m","message":"first timer!! go easy"}
{"level":"\u001b[31merror\u001b[39m","message":"rjrjogjewofe"}
{"level":"info","message":"first timer!! go easy"}
{"level":"error","message":"rjrjogjewofe"}
{"level":"info","message":"first timer!! go easy"}
{"level":"error","message":"rjrjogjewofe"}
{"level":"info","message":"first timer!! go easy"}
{"level":"error","message":"rjrjogjewofe"}
{"level":"info","message":"first timer!! go easy"}
{"level":"error","message":"rjrjogjewofe"}
{"level":"info","message":"first timer!! go easy"}
{"level":"error","message":"rjrjogjewofe"}
{"level":"info","message":"first timer!! go easy"}
{"level":"error","message":"rjrjogjewofe"}
{"level":"info","message":"first timer!! go easy"}
{"level":"error","message":"rjrjogjewofe"}
{"level":"info","message":"first timer!! go easy"}
{"level":"error","message":"rjrjogjewofe"}
{"level":"info","message":"first timer!! go easy"}
{"level":"error","message":"rjrjogjewofe"}
{"level":"info","message":"first timer!! go easy"}
{"level":"error","message":"rjrjogjewofe"}
{"level":"info","message":"first timer!! go easy"}
{"level":"error","message":"rjrjogjewofe"}
{"level":"info","message":"first timer!! go easy"}
{"level":"error","message":"rjrjogjewofe"}
{"level":"info","message":"first timer!! go easy"}
{"level":"error","message":"rjrjogjewofe"}
{"level":"info","message":"first timer!! go easy"}
{"level":"error","message":"rjrjogjewofe"}
{"level":"info","message":"first timer!! go easy"}
{"level":"error","message":"rjrjogjewofe"}
{"level":"info","message":"first timer!! go easy"}
{"level":"error","message":"rjrjogjewofe"}
{"level":"info","message":"first timer!! go easy"}
{"level":"error","message":"rjrjogjewofe"}
{"level":"info","message":"first timer!! go easy"}
{"level":"error","message":"rjrjogjewofe"}
{"level":"info","message":"first timer!! go easy"}
{"level":"error","message":"rjrjogjewofe"}
{"level":"info","message":"first timer!! go easy"}
{"level":"error","message":"rjrjogjewofe"}
{"level":"info","message":"first timer!! go easy"}
{"level":"error","message":"rjrjogjewofe"}
{"level":"info","message":"first timer!! go easy"}
{"level":"error","message":"rjrjogjewofe"}
{"level":"info","message":"first timer!! go easy"}
{"level":"error","message":"rjrjogjewofe"}
{"level":"info","message":"first timer!! go easy"}
{"level":"error","message":"rjrjogjewofe"}
{"level":"info","message":"first timer!! go easy"}
{"level":"error","message":"rjrjogjewofe"}
{"level":"info","message":"first timer!! go easy"}
{"level":"error","message":"rjrjogjewofe"}
{"level":"info","message":"first timer!! go easy"}
{"level":"error","message":"rjrjogjewofe"}
{"level":"info","message":"first timer!! go easy"}
{"level":"error","message":"rjrjogjewofe"}
{"level":"info","message":"first timer!! go easy"}
{"level":"error","message":"rjrjogjewofe"}
{"level":"info","message":"first timer!! go easy"}
{"level":"error","message":"rjrjogjewofe"}
{"level":"info","message":"first timer!! go easy"}
{"level":"error","message":"rjrjogjewofe"}
{"level":"info","message":"first timer!! go easy"}
{"level":"error","message":"rjrjogjewofe"}
{"level":"info","message":"first timer!! go easy"}
{"level":"error","message":"rjrjogjewofe"}
{"level":"info","message":"first timer!! go easy"}
{"level":"error","message":"rjrjogjewofe"}
{"level":"info","message":"first timer!! go easy"}
{"level":"error","message":"rjrjogjewofe"}
{"level":"info","message":"first timer!! go easy"}
{"level":"error","message":"rjrjogjewofe"}
{"level":"info","message":"first timer!! go easy"}
{"level":"error","message":"rjrjogjewofe"}
{"level":"info","message":"first timer!! go easy"}
{"level":"error","message":"rjrjogjewofe"}
{"level":"info","message":"first timer!! go easy"}
{"level":"error","message":"rjrjogjewofe"}
{"level":"info","message":"first timer!! go easy"}
{"level":"error","message":"rjrjogjewofe"}
{"level":"info","message":"first timer!! go easy"}
{"level":"error","message":"rjrjogjewofe"}
{"level":"info","message":"first timer!! go easy"}
{"level":"error","message":"rjrjogjewofe"}
